0 info it worked if it ends with ok
1 verbose cli [ '/usr/local/bin/node',
1 verbose cli   '/usr/local/bin/npm',
1 verbose cli   'install',
1 verbose cli   'dotenv',
1 verbose cli   '-g' ]
2 info using npm@1.4.28
3 info using node@v0.10.36
4 verbose cache add [ 'dotenv', null ]
5 verbose cache add name=undefined spec="dotenv" args=["dotenv",null]
6 verbose parsed url { protocol: null,
6 verbose parsed url   slashes: null,
6 verbose parsed url   auth: null,
6 verbose parsed url   host: null,
6 verbose parsed url   port: null,
6 verbose parsed url   hostname: null,
6 verbose parsed url   hash: null,
6 verbose parsed url   search: null,
6 verbose parsed url   query: null,
6 verbose parsed url   pathname: 'dotenv',
6 verbose parsed url   path: 'dotenv',
6 verbose parsed url   href: 'dotenv' }
7 silly lockFile 4de95cba-dotenv dotenv
8 verbose lock dotenv /home/vagrant/.npm/4de95cba-dotenv.lock
9 silly lockFile 4de95cba-dotenv dotenv
10 silly lockFile 4de95cba-dotenv dotenv
11 verbose addNamed [ 'dotenv', '' ]
12 verbose addNamed [ null, '*' ]
13 silly lockFile 5104247f-dotenv dotenv@
14 verbose lock dotenv@ /home/vagrant/.npm/5104247f-dotenv.lock
15 silly addNameRange { name: 'dotenv', range: '*', hasData: false }
16 verbose request where is /dotenv
17 verbose request registry https://registry.npmjs.org/
18 verbose request id 4ee39100ffc2f271
19 verbose url raw /dotenv
20 verbose url resolving [ 'https://registry.npmjs.org/', './dotenv' ]
21 verbose url resolved https://registry.npmjs.org/dotenv
22 verbose request where is https://registry.npmjs.org/dotenv
23 info trying registry request attempt 1 at 19:00:43
24 verbose etag "4H2DK0WKYFEG3VY3V71QMXWYE"
25 http GET https://registry.npmjs.org/dotenv
26 http 304 https://registry.npmjs.org/dotenv
27 silly registry.get cb [ 304,
27 silly registry.get   { date: 'Sun, 26 Jul 2015 19:01:02 GMT',
27 silly registry.get     via: '1.1 varnish',
27 silly registry.get     'cache-control': 'max-age=60',
27 silly registry.get     etag: '"4H2DK0WKYFEG3VY3V71QMXWYE"',
27 silly registry.get     age: '0',
27 silly registry.get     connection: 'keep-alive',
27 silly registry.get     'x-served-by': 'cache-jfk1034-JFK',
27 silly registry.get     'x-cache': 'HIT',
27 silly registry.get     'x-cache-hits': '1',
27 silly registry.get     'x-timer': 'S1437937262.092530,VS0,VE77',
27 silly registry.get     vary: 'Accept' } ]
28 verbose etag https://registry.npmjs.org/dotenv from cache
29 silly addNameRange number 2 { name: 'dotenv', range: '*', hasData: true }
30 silly addNameRange versions [ 'dotenv',
30 silly addNameRange   [ '0.0.1',
30 silly addNameRange     '0.0.2',
30 silly addNameRange     '0.0.3',
30 silly addNameRange     '0.0.4',
30 silly addNameRange     '0.0.5',
30 silly addNameRange     '0.1.0',
30 silly addNameRange     '0.1.1',
30 silly addNameRange     '0.1.2',
30 silly addNameRange     '0.2.0',
30 silly addNameRange     '0.2.1',
30 silly addNameRange     '0.2.2',
30 silly addNameRange     '0.2.3',
30 silly addNameRange     '0.2.4',
30 silly addNameRange     '0.2.5',
30 silly addNameRange     '0.2.6',
30 silly addNameRange     '0.2.7',
30 silly addNameRange     '0.2.8',
30 silly addNameRange     '0.3.0',
30 silly addNameRange     '0.4.0',
30 silly addNameRange     '0.5.0',
30 silly addNameRange     '0.5.1',
30 silly addNameRange     '1.0.0',
30 silly addNameRange     '1.1.0',
30 silly addNameRange     '1.2.0' ] ]
31 verbose addNamed [ 'dotenv', '1.2.0' ]
32 verbose addNamed [ '1.2.0', '1.2.0' ]
33 silly lockFile 3f3c9bbf-dotenv-1-2-0 dotenv@1.2.0
34 verbose lock dotenv@1.2.0 /home/vagrant/.npm/3f3c9bbf-dotenv-1-2-0.lock
35 silly lockFile 3f3c9bbf-dotenv-1-2-0 dotenv@1.2.0
36 silly lockFile 3f3c9bbf-dotenv-1-2-0 dotenv@1.2.0
37 silly lockFile 5104247f-dotenv dotenv@
38 silly lockFile 5104247f-dotenv dotenv@
39 silly resolved [ { name: 'dotenv',
39 silly resolved     version: '1.2.0',
39 silly resolved     description: 'Loads environment variables from .env file',
39 silly resolved     main: 'lib/main.js',
39 silly resolved     scripts: { test: 'lab test/* --coverage && standard', lint: 'standard' },
39 silly resolved     repository: { type: 'git', url: 'git://github.com/motdotla/dotenv.git' },
39 silly resolved     keywords:
39 silly resolved      [ 'dotenv',
39 silly resolved        'env',
39 silly resolved        '.env',
39 silly resolved        'environment',
39 silly resolved        'variables',
39 silly resolved        'config',
39 silly resolved        'settings' ],
39 silly resolved     author: { name: 'scottmotte' },
39 silly resolved     license: 'BSD-2-Clause',
39 silly resolved     devDependencies:
39 silly resolved      { lab: '^5.3.0',
39 silly resolved        semver: '^4.3.6',
39 silly resolved        should: '4.4.2',
39 silly resolved        sinon: '1.12.2',
39 silly resolved        standard: '^2.10.0' },
39 silly resolved     dependencies: {},
39 silly resolved     gitHead: '940d101b4df66157cf752b611fd2292060878b44',
39 silly resolved     bugs: { url: 'https://github.com/motdotla/dotenv/issues' },
39 silly resolved     homepage: 'https://github.com/motdotla/dotenv#readme',
39 silly resolved     _id: 'dotenv@1.2.0',
39 silly resolved     _shasum: '7cd73e16e07f057c8072147a5bc3a8677f0ab5c6',
39 silly resolved     _from: 'dotenv@',
39 silly resolved     _npmVersion: '2.10.1',
39 silly resolved     _nodeVersion: '1.2.0',
39 silly resolved     _npmUser: { name: 'jcblw', email: 'jacoblowe2.0@gmail.com' },
39 silly resolved     maintainers: [ [Object], [Object], [Object] ],
39 silly resolved     dist:
39 silly resolved      { shasum: '7cd73e16e07f057c8072147a5bc3a8677f0ab5c6',
39 silly resolved        tarball: 'http://registry.npmjs.org/dotenv/-/dotenv-1.2.0.tgz' },
39 silly resolved     directories: {},
39 silly resolved     _resolved: 'https://registry.npmjs.org/dotenv/-/dotenv-1.2.0.tgz',
39 silly resolved     readme: 'ERROR: No README data found!' } ]
40 info install dotenv@1.2.0 into /usr/local/lib
41 info installOne dotenv@1.2.0
42 verbose lib/node_modules/dotenv unbuild
43 verbose tar unpack /home/vagrant/.npm/dotenv/1.2.0/package.tgz
44 silly lockFile 537bfcb5-sr-local-lib-node-modules-dotenv tar:///usr/local/lib/node_modules/dotenv
45 verbose lock tar:///usr/local/lib/node_modules/dotenv /home/vagrant/.npm/537bfcb5-sr-local-lib-node-modules-dotenv.lock
46 silly lockFile 9255b483-ant-npm-dotenv-1-2-0-package-tgz tar:///home/vagrant/.npm/dotenv/1.2.0/package.tgz
47 verbose lock tar:///home/vagrant/.npm/dotenv/1.2.0/package.tgz /home/vagrant/.npm/9255b483-ant-npm-dotenv-1-2-0-package-tgz.lock
48 silly gunzTarPerm modes [ '775', '664' ]
49 error Error: EACCES, mkdir '/usr/local/lib/node_modules/dotenv'
49 error  { [Error: EACCES, mkdir '/usr/local/lib/node_modules/dotenv']
49 error   errno: 3,
49 error   code: 'EACCES',
49 error   path: '/usr/local/lib/node_modules/dotenv',
49 error   fstream_type: 'Directory',
49 error   fstream_path: '/usr/local/lib/node_modules/dotenv',
49 error   fstream_class: 'DirWriter',
49 error   fstream_stack:
49 error    [ '/usr/local/lib/node_modules/npm/node_modules/fstream/lib/dir-writer.js:36:23',
49 error      '/usr/local/lib/node_modules/npm/node_modules/mkdirp/index.js:46:53',
49 error      'Object.oncomplete (fs.js:108:15)' ] }
50 error Please try running this command again as root/Administrator.
51 error System Linux 3.13.0-53-generic
52 error command "/usr/local/bin/node" "/usr/local/bin/npm" "install" "dotenv" "-g"
53 error cwd /alarm/clockwork
54 error node -v v0.10.36
55 error npm -v 1.4.28
56 error path /usr/local/lib/node_modules/dotenv
57 error fstream_path /usr/local/lib/node_modules/dotenv
58 error fstream_type Directory
59 error fstream_class DirWriter
60 error code EACCES
61 error errno 3
62 error stack Error: EACCES, mkdir '/usr/local/lib/node_modules/dotenv'
63 error fstream_stack /usr/local/lib/node_modules/npm/node_modules/fstream/lib/dir-writer.js:36:23
63 error fstream_stack /usr/local/lib/node_modules/npm/node_modules/mkdirp/index.js:46:53
63 error fstream_stack Object.oncomplete (fs.js:108:15)
64 verbose exit [ 3, true ]
